# JRE version: OpenJDK Runtime Environment (11.0.12+7) (build 11.0.12+7-b1504.28-7817840)
# Java VM: OpenJDK 64-Bit Server VM (11.0.12+7-b1504.28-7817840, mixed mode, tiered, compressed oops, g1 gc, windows-amd64)
Heap:
 garbage-first heap   total 285696K, used 190738K [0x0000000080000000, 0x0000000100000000)
  region size 1024K, 113 young (115712K), 4 survivors (4096K)
 Metaspace       used 69054K, capacity 70884K, committed 71164K, reserved 1112064K
  class space    used 8588K, capacity 9238K, committed 9344K, reserved 1048576K
GC Heap History (20 events):
Event: 47.703 GC heap before
{Heap before GC invocations=54 (full 0):
 garbage-first heap   total 285696K, used 234379K [0x0000000080000000, 0x0000000100000000)
  region size 1024K, 167 young (171008K), 9 survivors (9216K)
 Metaspace       used 50719K, capacity 52075K, committed 52220K, reserved 1095680K
  class space    used 6524K, capacity 7034K, committed 7040K, reserved 1048576K
}
Event: 47.744 GC heap after
{Heap after GC invocations=55 (full 0):
 garbage-first heap   total 285696K, used 73611K [0x0000000080000000, 0x0000000100000000)
  region size 1024K, 10 young (10240K), 10 survivors (10240K)
 Metaspace       used 50719K, capacity 52075K, committed 52220K, reserved 1095680K
  class space    used 6524K, capacity 7034K, committed 7040K, reserved 1048576K
}
Event: 48.873 GC heap before
{Heap before GC invocations=55 (full 0):
 garbage-first heap   total 285696K, used 234379K [0x0000000080000000, 0x0000000100000000)
  region size 1024K, 167 young (171008K), 10 survivors (10240K)
 Metaspace       used 50721K, capacity 52075K, committed 52220K, reserved 1095680K
  class space    used 6524K, capacity 7034K, committed 7040K, reserved 1048576K
}
Event: 48.890 GC heap after
{Heap after GC invocations=56 (full 0):
 garbage-first heap   total 285696K, used 71136K [0x0000000080000000, 0x0000000100000000)
  region size 1024K, 9 young (9216K), 9 survivors (9216K)
 Metaspace       used 50721K, capacity 52075K, committed 52220K, reserved 1095680K
  class space    used 6524K, capacity 7034K, committed 7040K, reserved 1048576K
}
Event: 49.914 GC heap before
{Heap before GC invocations=56 (full 0):
 garbage-first heap   total 285696K, used 232928K [0x0000000080000000, 0x0000000100000000)
  region size 1024K, 167 young (171008K), 9 survivors (9216K)
 Metaspace       used 50727K, capacity 52076K, committed 52220K, reserved 1095680K
  class space    used 6524K, capacity 7034K, committed 7040K, reserved 1048576K
}
Event: 49.935 GC heap after
{Heap after GC invocations=57 (full 0):
 garbage-first heap   total 285696K, used 72253K [0x0000000080000000, 0x0000000100000000)
  region size 1024K, 10 young (10240K), 10 survivors (10240K)
 Metaspace       used 50727K, capacity 52076K, committed 52220K, reserved 1095680K
  class space    used 6524K, capacity 7034K, committed 7040K, reserved 1048576K
}
Event: 51.330 GC heap before
{Heap before GC invocations=57 (full 0):
 garbage-first heap   total 285696K, used 233021K [0x0000000080000000, 0x0000000100000000)
  region size 1024K, 167 young (171008K), 10 survivors (10240K)
 Metaspace       used 50732K, capacity 52076K, committed 52220K, reserved 1095680K
  class space    used 6525K, capacity 7034K, committed 7040K, reserved 1048576K
}
Event: 51.353 GC heap after
{Heap after GC invocations=58 (full 0):
 garbage-first heap   total 285696K, used 73873K [0x0000000080000000, 0x0000000100000000)
  region size 1024K, 11 young (11264K), 11 survivors (11264K)
 Metaspace       used 50732K, capacity 52076K, committed 52220K, reserved 1095680K
  class space    used 6525K, capacity 7034K, committed 7040K, reserved 1048576K
}
Event: 52.249 GC heap before
{Heap before GC invocations=58 (full 0):
 garbage-first heap   total 285696K, used 233617K [0x0000000080000000, 0x0000000100000000)
  region size 1024K, 167 young (171008K), 11 survivors (11264K)
 Metaspace       used 50732K, capacity 52076K, committed 52220K, reserved 1095680K
  class space    used 6525K, capacity 7034K, committed 7040K, reserved 1048576K
}
Event: 52.274 GC heap after
{Heap after GC invocations=59 (full 0):
 garbage-first heap   total 285696K, used 74808K [0x0000000080000000, 0x0000000100000000)
  region size 1024K, 12 young (12288K), 12 survivors (12288K)
 Metaspace       used 50732K, capacity 52076K, committed 52220K, reserved 1095680K
  class space    used 6525K, capacity 7034K, committed 7040K, reserved 1048576K
}
Event: 56.570 GC heap before
{Heap before GC invocations=59 (full 0):
 garbage-first heap   total 285696K, used 234552K [0x0000000080000000, 0x0000000100000000)
  region size 1024K, 167 young (171008K), 12 survivors (12288K)
 Metaspace       used 50755K, capacity 52077K, committed 52220K, reserved 1095680K
  class space    used 6525K, capacity 7034K, committed 7040K, reserved 1048576K
}
Event: 56.583 GC heap after
{Heap after GC invocations=60 (full 0):
 garbage-first heap   total 285696K, used 64165K [0x0000000080000000, 0x0000000100000000)
  region size 1024K, 1 young (1024K), 1 survivors (1024K)
 Metaspace       used 50755K, capacity 52077K, committed 52220K, reserved 1095680K
  class space    used 6525K, capacity 7034K, committed 7040K, reserved 1048576K
}
Event: 58.653 GC heap before
{Heap before GC invocations=60 (full 0):
 garbage-first heap   total 285696K, used 234149K [0x0000000080000000, 0x0000000100000000)
  region size 1024K, 164 young (167936K), 1 survivors (1024K)
 Metaspace       used 50760K, capacity 52078K, committed 52220K, reserved 1095680K
  class space    used 6525K, capacity 7034K, committed 7040K, reserved 1048576K
}
Event: 58.661 GC heap after
{Heap after GC invocations=61 (full 0):
 garbage-first heap   total 285696K, used 69605K [0x0000000080000000, 0x0000000100000000)
  region size 1024K, 4 young (4096K), 4 survivors (4096K)
 Metaspace       used 50760K, capacity 52078K, committed 52220K, reserved 1095680K
  class space    used 6525K, capacity 7034K, committed 7040K, reserved 1048576K
}
Event: 60.615 GC heap before
{Heap before GC invocations=61 (full 0):
 garbage-first heap   total 285696K, used 238565K [0x0000000080000000, 0x0000000100000000)
  region size 1024K, 165 young (168960K), 4 survivors (4096K)
 Metaspace       used 50831K, capacity 52143K, committed 52220K, reserved 1095680K
  class space    used 6525K, capacity 7034K, committed 7040K, reserved 1048576K
}
Event: 60.624 GC heap after
{Heap after GC invocations=62 (full 0):
 garbage-first heap   total 285696K, used 68824K [0x0000000080000000, 0x0000000100000000)
  region size 1024K, 2 young (2048K), 2 survivors (2048K)
 Metaspace       used 50831K, capacity 52143K, committed 52220K, reserved 1095680K
  class space    used 6525K, capacity 7034K, committed 7040K, reserved 1048576K
}
Event: 65.406 GC heap before
{Heap before GC invocations=62 (full 0):
 garbage-first heap   total 285696K, used 238808K [0x0000000080000000, 0x0000000100000000)
  region size 1024K, 167 young (171008K), 2 survivors (2048K)
 Metaspace       used 63874K, capacity 65585K, committed 65788K, reserved 1105920K
  class space    used 8228K, capacity 8811K, committed 8832K, reserved 1048576K
}
Event: 65.440 GC heap after
{Heap after GC invocations=63 (full 0):
 garbage-first heap   total 285696K, used 77643K [0x0000000080000000, 0x0000000100000000)
  region size 1024K, 11 young (11264K), 11 survivors (11264K)
 Metaspace       used 63874K, capacity 65585K, committed 65788K, reserved 1105920K
  class space    used 8228K, capacity 8811K, committed 8832K, reserved 1048576K
}
Event: 78.418 GC heap before
{Heap before GC invocations=63 (full 0):
 garbage-first heap   total 285696K, used 180043K [0x0000000080000000, 0x0000000100000000)
  region size 1024K, 111 young (113664K), 11 survivors (11264K)
 Metaspace       used 68032K, capacity 69831K, committed 70012K, reserved 1110016K
  class space    used 8564K, capacity 9193K, committed 9216K, reserved 1048576K
}
Event: 78.450 GC heap after
{Heap after GC invocations=64 (full 0):
 garbage-first heap   total 285696K, used 81170K [0x0000000080000000, 0x0000000100000000)
  region size 1024K, 4 young (4096K), 4 survivors (4096K)
 Metaspace       used 68032K, capacity 69831K, committed 70012K, reserved 1110016K
  class space    used 8564K, capacity 9193K, committed 9216K, reserved 1048576K
}

